Base path: C:/Program Files (x86)/Unity/Editor/Data
Pipe name: \\.\pipe\UnityShaderCompiler-2-170344
Cmd: getPlatforms
Cmd: compileSnippet
  api=0 type=0 insize=4962 outsize=3032 kw=DIRECTIONAL SHADOWS_SCREEN LIGHTMAP_OFF DIRLIGHTMAP_OFF ok=1
Cmd: compileSnippet
  api=4 type=0 insize=4962 outsize=4678 kw=DIRECTIONAL SHADOWS_OFF LIGHTMAP_OFF DIRLIGHTMAP_OFF VERTEXLIGHT_ON ok=1
Cmd: compileSnippet
  api=4 type=0 insize=4962 outsize=5125 kw=DIRECTIONAL SHADOWS_SCREEN LIGHTMAP_OFF DIRLIGHTMAP_OFF VERTEXLIGHT_ON ok=1
Cmd: compileSnippet
  api=1 type=1 insize=4962 outsize=568 kw=DIRECTIONAL SHADOWS_SCREEN LIGHTMAP_OFF DIRLIGHTMAP_OFF ok=1
Cmd: compileSnippet
  api=0 type=0 insize=2915 outsize=1752 kw=DIRECTIONAL ok=1
Cmd: compileSnippet
  api=0 type=0 insize=2915 outsize=2147 kw=POINT_COOKIE ok=1
Cmd: compileSnippet
  api=1 type=0 insize=2915 outsize=652 kw=DIRECTIONAL_COOKIE ok=1
Cmd: compileSnippet
  api=1 type=1 insize=2915 outsize=452 kw=DIRECTIONAL ok=1
Cmd: compileSnippet
  api=1 type=1 insize=2915 outsize=639 kw=POINT_COOKIE ok=1
Cmd: compileSnippet
  api=1 type=0 insize=2400 outsize=452 kw= ok=1
Cmd: compileSnippet
  api=1 type=1 insize=2400 outsize=115 kw= ok=1
Cmd: compileSnippet
  api=1 type=0 insize=4647 outsize=910 kw=LIGHTMAP_OFF DIRLIGHTMAP_OFF HDR_LIGHT_PREPASS_ON ok=1
Cmd: compileSnippet
  api=0 type=1 insize=4647 outsize=6 kw=LIGHTMAP_OFF DIRLIGHTMAP_OFF HDR_LIGHT_PREPASS_OFF ok=1
Cmd: compileSnippet
  api=4 type=1 insize=4647 outsize=1607 kw=LIGHTMAP_OFF DIRLIGHTMAP_OFF HDR_LIGHT_PREPASS_ON ok=1
